[92m2022-07-17 18:36:29 I/main: Starting mirai-console...[0m[m
[92m2022-07-17 18:36:29 I/main: Backend: version 2.12.0, built on 2022-07-03 10:57:58.[0m[m
[92m2022-07-17 18:36:29 I/main: Frontend Terminal: version 2.12.0, provided by Mamoe Technologies[0m[m
[92m2022-07-17 18:36:29 I/main: Welcome to visit https://mirai.mamoe.net/[0m[m
[91m2022-07-17 18:36:29 W/stderr: SLF4J: Failed to load class "org.slf4j.impl.StaticLoggerBinder".[0m[m
[91m2022-07-17 18:36:29 W/stderr: SLF4J: Defaulting to no-operation (NOP) logger implementation[0m[m
[91m2022-07-17 18:36:29 W/stderr: SLF4J: See http://www.slf4j.org/codes.html#StaticLoggerBinder for further details.[0m[m
[92m2022-07-17 18:36:30 I/plugin: Successfully loaded plugin QYKApi v0.1.0[0m[m
[92m2022-07-17 18:36:30 I/main: Prepared built-in commands: autoLogin, help, login, logout, permission, status, stop[0m[m
[92m2022-07-17 18:36:30 I/QYKApi: Plugin loaded![0m[m
[92m2022-07-17 18:36:30 I/main: 1 plugin(s) enabled.[0m[m
[92m2022-07-17 18:36:30 I/main: mirai-console started successfully.[0m[m
[31m2022-07-17 18:36:46 E/console: java.lang.NullPointerException
java.lang.NullPointerException
	at java.base/java.util.Objects.requireNonNull(Objects.java:208)
	at QYKApi-dev.mirai2.jar//org.abstruck.mirai.QYKApi.Talk.onCommand(Talk.java:20)
	at net.mamoe.mirai.console.command.java.JRawCommand.onCommand(JRawCommand.kt:121)
	at net.mamoe.mirai.console.command.java.JRawCommand$overloads$1$invokeSuspend$$inlined$runBIO$1.invoke(CoroutineUtils.kt:194)
	at kotlinx.coroutines.InterruptibleKt.runInterruptibleInExpectedContext(Interruptible.kt:51)
	at kotlinx.coroutines.InterruptibleKt.access$runInterruptibleInExpectedContext(Interruptible.kt:1)
	at kotlinx.coroutines.InterruptibleKt$runInterruptible$2.invokeSuspend(Interruptible.kt:43)
	at kotlin.coroutines.jvm.internal.BaseContinuationImpl.resumeWith(ContinuationImpl.kt:33)
	at kotlinx.coroutines.DispatchedTask.run(DispatchedTask.kt:106)
	at kotlinx.coroutines.internal.LimitedDispatcher.run(LimitedDispatcher.kt:42)
	at kotlinx.coroutines.scheduling.TaskImpl.run(Tasks.kt:95)
	at kotlinx.coroutines.scheduling.CoroutineScheduler.runSafely(CoroutineScheduler.kt:570)
	at kotlinx.coroutines.scheduling.CoroutineScheduler$Worker.executeTask(CoroutineScheduler.kt:749)
	at kotlinx.coroutines.scheduling.CoroutineScheduler$Worker.runWorker(CoroutineScheduler.kt:677)
	at kotlinx.coroutines.scheduling.CoroutineScheduler$Worker.run(CoroutineScheduler.kt:664)
[0m[m
[91m2022-07-17 18:37:56 W/console: å‚æ•°ä¸åŒ¹é…, ä½ æ˜¯å¦æƒ³æ‰§è¡Œ: 
/permission add <è¢«è®¸å¯äºº ID> <æƒé™ ID>    (å‚æ•°ä¸è¶³)[0m[m
[92m2022-07-17 18:38:43 I/WindowHelperJvm: Mirai æ­£åœ¨ä½¿ç”¨æ¡Œé¢ç¯å¢ƒ. å¦‚é‡åˆ°éªŒè¯ç å°†ä¼šå¼¹å‡ºå¯¹è¯æ¡†. å¯æ·»åŠ  JVM å±æ€§ `mirai.no-desktop` ä»¥å…³é—­.[0m[m
[92m2022-07-17 18:38:43 I/WindowHelperJvm: Mirai is using desktop. Captcha will be thrown by window popup. You can add `mirai.no-desktop` to JVM properties (-Dmirai.no-desktop) to disable it.[0m[m
[91m2022-07-17 18:38:43 W/stderr: ERROR StatusLogger Log4j2 could not find a logging implementation. Please add log4j-core to the classpath. Using SimpleLogger to log to the console...[0m[m
[31m2022-07-17 18:38:43 E/Bot.185590562: Failed to load account secrets from local cache. Invalidating cache...
net.mamoe.mirai.internal.utils.crypto.DecryptionFailedException
	at net.mamoe.mirai.internal.utils.crypto.TEA.fail(TEA.kt:298)
	at net.mamoe.mirai.internal.utils.crypto.TEA.doOption$decrypt(TEA.kt:274)
	at net.mamoe.mirai.internal.utils.crypto.TEA.doOption(TEA.kt:294)
	at net.mamoe.mirai.internal.utils.crypto.TEA.decrypt(TEA.kt:318)
	at net.mamoe.mirai.internal.utils.crypto.TEA.decrypt$default(TEA.kt:317)
	at net.mamoe.mirai.internal.network.components.FileCacheAccountSecretsManager.getSecretsImpl(AccountSecretsManager.kt:198)
	at net.mamoe.mirai.internal.network.components.FileCacheAccountSecretsManager.getSecrets(AccountSecretsManager.kt:192)
	at net.mamoe.mirai.internal.network.components.CombinedAccountSecretsManager.getSecrets(AccountSecretsManager.kt:240)
	at net.mamoe.mirai.internal.network.components.AccountSecretsManagerKt.getSecretsOrCreate(AccountSecretsManager.kt:152)
	at net.mamoe.mirai.internal.network.components.BotClientHolderImpl.createClient(BotClientHolder.kt:36)
	at net.mamoe.mirai.internal.network.components.BotClientHolderImpl.access$createClient(BotClientHolder.kt:24)
	at net.mamoe.mirai.internal.network.components.BotClientHolderImpl$client$2.invoke(BotClientHolder.kt:28)
	at net.mamoe.mirai.internal.network.components.BotClientHolderImpl$client$2.invoke(BotClientHolder.kt:28)
	at net.mamoe.mirai.utils.LateinitMutableProperty.getValue(LateinitMutableProperty.kt:38)
	at net.mamoe.mirai.internal.network.components.BotClientHolderImpl.getClient(BotClientHolder.kt:28)
	at net.mamoe.mirai.internal.network.components.SsoProcessorImpl.getClient(SsoProcessor.kt:107)
	at net.mamoe.mirai.internal.network.components.SsoProcessorImpl.login(SsoProcessor.kt:122)
	at net.mamoe.mirai.internal.network.impl.netty.NettyNetworkHandler$StateConnecting$startState$2.invokeSuspend(NettyNetworkHandler.kt:273)
	at kotlin.coroutines.jvm.internal.BaseContinuationImpl.resumeWith(ContinuationImpl.kt:33)
	at kotlinx.coroutines.DispatchedTask.run(DispatchedTask.kt:106)
	at kotlinx.coroutines.scheduling.CoroutineScheduler.runSafely(CoroutineScheduler.kt:570)
	at kotlinx.coroutines.scheduling.CoroutineScheduler$Worker.executeTask(CoroutineScheduler.kt:749)
	at kotlinx.coroutines.scheduling.CoroutineScheduler$Worker.runWorker(CoroutineScheduler.kt:677)
	at kotlinx.coroutines.scheduling.CoroutineScheduler$Worker.run(CoroutineScheduler.kt:664)
[0m[m
[92m2022-07-17 18:38:45 I/Bot.185590562: Bot cancelled: Bot closed[0m[m
[31m2022-07-17 18:38:45 E/console: net.mamoe.mirai.network.WrongPasswordException: Error(bot=Bot(185590562), code=1, title=ç™»å½•å¤±è´¥, message=å¸å·æˆ–å¯†ç é”™è¯¯ï¼Œè¯·é‡æ–°è¾“å…¥ã€‚, errorInfo=)
net.mamoe.mirai.network.WrongPasswordException: Error(bot=Bot(185590562), code=1, title=ç™»å½•å¤±è´¥, message=å¸å·æˆ–å¯†ç é”™è¯¯ï¼Œè¯·é‡æ–°è¾“å…¥ã€‚, errorInfo=)
	at net.mamoe.mirai.internal.network.components.SsoProcessorImpl$SlowLoginImpl.doLogin(SsoProcessor.kt:284)
	at net.mamoe.mirai.internal.network.components.SsoProcessorImpl$SlowLoginImpl$doLogin$1.invokeSuspend(SsoProcessor.kt)
	at kotlin.coroutines.jvm.internal.BaseContinuationImpl.resumeWith(ContinuationImpl.kt:33)
	at kotlinx.coroutines.internal.ScopeCoroutine.afterResume(Scopes.kt:33)
	at kotlinx.coroutines.AbstractCoroutine.resumeWith(AbstractCoroutine.kt:102)
	at kotlin.coroutines.jvm.internal.BaseContinuationImpl.resumeWith(ContinuationImpl.kt:46)
	at kotlinx.coroutines.DispatchedTask.run(DispatchedTask.kt:106)
	at kotlinx.coroutines.scheduling.CoroutineScheduler.runSafely(CoroutineScheduler.kt:570)
	at kotlinx.coroutines.scheduling.CoroutineScheduler$Worker.executeTask(CoroutineScheduler.kt:749)
	at kotlinx.coroutines.scheduling.CoroutineScheduler$Worker.runWorker(CoroutineScheduler.kt:677)
	at kotlinx.coroutines.scheduling.CoroutineScheduler$Worker.run(CoroutineScheduler.kt:664)
	Suppressed: java.util.concurrent.CancellationException: Bot closed
		at kotlinx.coroutines.ExceptionsKt.CancellationException(Exceptions.kt:22)
		at net.mamoe.mirai.internal.AbstractBot.close(AbstractBot.kt:112)
		at net.mamoe.mirai.internal.QQAndroidBot.close(QQAndroidBot.kt:84)
		at net.mamoe.mirai.internal.AbstractBot.login(AbstractBot.kt:136)
		at net.mamoe.mirai.internal.AbstractBot$login$1.invokeSuspend(AbstractBot.kt)
		at kotlin.coroutines.jvm.internal.BaseContinuationImpl.resumeWith(ContinuationImpl.kt:33)
		at kotlinx.coroutines.DispatchedTask.run(DispatchedTask.kt:104)
		... 4 more
	Caused by: [CIRCULAR REFERENCE: net.mamoe.mirai.network.WrongPasswordException: Error(bot=Bot(185590562), code=1, title=ç™»å½•å¤±è´¥, message=å¸å·æˆ–å¯†ç é”™è¯¯ï¼Œè¯·é‡æ–°è¾“å…¥ã€‚, errorInfo=)]
[0m[m
[92m2022-07-17 18:39:06 I/Bot.185590562: Login successful[0m[m
[92m2022-07-17 18:39:06 I/Bot.185590562: Saved account secrets to local cache for fast login.[0m[m
[92m2022-07-17 18:39:06 I/Bot.185590562: Login successful.[0m[m
[0m2022-07-17 18:39:08 V/Bot.185590562: Event: BotOnlineEvent(bot=Bot(185590562))[0m[m
[92m2022-07-17 18:39:08 I/Bot.185590562: Bot login successful.[0m[m
[0m2022-07-17 18:39:13 V/Bot.185590562: okay(3262392248) -> talk æµ‹è¯•[0m[m
[0m2022-07-17 18:39:21 V/Bot.185590562: okay(3262392248) -> /talk[0m[m
[0m2022-07-17 18:39:25 V/Bot.185590562: okay(3262392248) -> /help[0m[m
[91m2022-07-17 18:39:33 W/console: å‚æ•°ä¸åŒ¹é…, ä½ æ˜¯å¦æƒ³æ‰§è¡Œ: 
/permission cancel <è¢«è®¸å¯äºº ID> <æƒé™ ID>    (å‚æ•°ä¸è¶³)
/permission deny <è¢«è®¸å¯äºº ID> <æƒé™ ID>    (å‚æ•°ä¸è¶³)
/permission remove <è¢«è®¸å¯äºº ID> <æƒé™ ID>    (å‚æ•°ä¸è¶³)
/permission cancelAll <è¢«è®¸å¯äºº ID> <æƒé™ ID>    (å‚æ•°ä¸è¶³)
/permission denyAll <è¢«è®¸å¯äºº ID> <æƒé™ ID>    (å‚æ•°ä¸è¶³)
/permission removeAll <è¢«è®¸å¯äºº ID> <æƒé™ ID>    (å‚æ•°ä¸è¶³)
/permission listPermissions    (å‚æ•°ä¸è¶³)
/permission lp    (å‚æ•°ä¸è¶³)
/permission permit <è¢«è®¸å¯äºº ID> <æƒé™ ID>    (å‚æ•°ä¸è¶³)
/permission grant <è¢«è®¸å¯äºº ID> <æƒé™ ID>    (å‚æ•°ä¸è¶³)
/permission add <è¢«è®¸å¯äºº ID> <æƒé™ ID>    (å‚æ•°ä¸è¶³)
/permission permittedPermissions <è¢«è®¸å¯äºº ID> [æ˜¾ç¤ºå…¨éƒ¨]    (å‚æ•°ä¸è¶³)
/permission pp <è¢«è®¸å¯äºº ID> [æ˜¾ç¤ºå…¨éƒ¨]    (å‚æ•°ä¸è¶³)
/permission grantedPermissions <è¢«è®¸å¯äºº ID> [æ˜¾ç¤ºå…¨éƒ¨]    (å‚æ•°ä¸è¶³)
/permission gp <è¢«è®¸å¯äºº ID> [æ˜¾ç¤ºå…¨éƒ¨]    (å‚æ•°ä¸è¶³)[0m[m
[0m2022-07-17 18:39:34 V/Bot.185590562: [MatrixCN(809411919)] NullPointerException(1602401265) -> 666[0m[m
[0m2022-07-17 18:39:43 V/Bot.185590562: [MatrixCN(809411919)] NullPointerException(1602401265) -> [mirai:image:{C14CE9D9-1CB4-A4C1-4913-8C4082907D8B}.jpg, width=1080, height=1826, size=130327, type=JPG, isEmoji=false][0m[m
[0m2022-07-17 18:39:44 V/Bot.185590562: [MatrixCN(809411919)] NullPointerException(1602401265) -> 6.6.3[0m[m
[0m2022-07-17 18:40:04 V/Bot.185590562: [MatrixCN(809411919)] Kawa1Ares(2697205105) -> é»‘é¾™å¤´ä¸œè¥¿éƒ½æ•¢ç”¨[0m[m
[0m2022-07-17 18:40:24 V/Bot.185590562: okay(3262392248) -> /help[0m[m
[0m2022-07-17 18:40:40 V/Bot.185590562: [MatrixCN(809411919)] KOFTWAR //å¸Œæœ›å¼€ä¸€ä¸ªè‡ªå·±çš„ç«æŠ€åœº(3514640877) -> [mirai:at:1602401265] è¿™ä¸ª[0m[m
[0m2022-07-17 18:40:41 V/Bot.185590562: [èŠ±ç’ƒçš„å…ƒç´ åå®«(821891323)] å°é»‘è´(2160127856) -> [mirai:origin:FORWARD,z0IjmWCoPt2v5bEhAU37nXSM9k+2Ec3XJCeJhP/bJK/fJZcoYyuTVZMqKgDJbmHW]ForwardMessage(preview=[â­:[å›¾ç‰‡], â­:[å›¾ç‰‡], â­:[å›¾ç‰‡]], title=ç¾¤èŠçš„èŠå¤©è®°å½•, brief=[èŠå¤©è®°å½•], source=èŠå¤©è®°å½•, summary=æŸ¥çœ‹è½¬å‘æ¶ˆæ¯, nodeList=[Node(senderId=2093517925, time=1658054038, senderName=â­, messageChain=[mirai:image:{854A166E-1912-FAEB-EFA8-53F3ED34A185}.mirai, width=1170, height=1569, size=245930, type=UNKNOWN, isEmoji=false]), Node(senderId=2093517925, time=1658054037, senderName=â­, messageChain=[mirai:image:{D165DBB3-5C43-A15C-94B3-17AB2B505ECE}.mirai, width=1170, height=1266, size=226208, type=UNKNOWN, isEmoji=false]), Node(senderId=2093517925, time=1658054036, senderName=â­, messageChain=[mirai:image:{FE445B99-0F0B-B731-5576-6A17AB5D073F}.mirai, width=1170, height=1833, size=284253, type=UNKNOWN, isEmoji=false])])[0m[m
[0m2022-07-17 18:40:48 V/Bot.185590562: [MatrixCN(809411919)] KOFTWAR //å¸Œæœ›å¼€ä¸€ä¸ªè‡ªå·±çš„ç«æŠ€åœº(3514640877) -> 6.6.3éƒ½æ˜¯å…è´¹çš„[æµæ±—][0m[m
[91m2022-07-17 18:40:57 W/console: å‚æ•°ä¸åŒ¹é…, ä½ æ˜¯å¦æƒ³æ‰§è¡Œ: 
/permission cancel <è¢«è®¸å¯äºº ID> <æƒé™ ID>    # æ’¤é”€ä¸€ä¸ªæƒé™
/permission deny <è¢«è®¸å¯äºº ID> <æƒé™ ID>    # æ’¤é”€ä¸€ä¸ªæƒé™
/permission remove <è¢«è®¸å¯äºº ID> <æƒé™ ID>    # æ’¤é”€ä¸€ä¸ªæƒé™
/permission cancelAll <è¢«è®¸å¯äºº ID> <æƒé™ ID>    # æ’¤é”€ä¸€ä¸ªæƒé™åŠå…¶æ‰€æœ‰å­æƒé™
/permission denyAll <è¢«è®¸å¯äºº ID> <æƒé™ ID>    # æ’¤é”€ä¸€ä¸ªæƒé™åŠå…¶æ‰€æœ‰å­æƒé™
/permission removeAll <è¢«è®¸å¯äºº ID> <æƒé™ ID>    # æ’¤é”€ä¸€ä¸ªæƒé™åŠå…¶æ‰€æœ‰å­æƒé™
/permission listPermissions    # æŸ¥çœ‹æ‰€æœ‰æƒé™åˆ—è¡¨
/permission lp    # æŸ¥çœ‹æ‰€æœ‰æƒé™åˆ—è¡¨
/permission permit <è¢«è®¸å¯äºº ID> <æƒé™ ID>    # æˆæƒä¸€ä¸ªæƒé™
/permission grant <è¢«è®¸å¯äºº ID> <æƒé™ ID>    # æˆæƒä¸€ä¸ªæƒé™
/permission add <è¢«è®¸å¯äºº ID> <æƒé™ ID>    # æˆæƒä¸€ä¸ªæƒé™
/permission permittedPermissions <è¢«è®¸å¯äºº ID> [æ˜¾ç¤ºå…¨éƒ¨]    # æŸ¥çœ‹è¢«æˆæƒæƒé™åˆ—è¡¨
/permission pp <è¢«è®¸å¯äºº ID> [æ˜¾ç¤ºå…¨éƒ¨]    # æŸ¥çœ‹è¢«æˆæƒæƒé™åˆ—è¡¨
/permission grantedPermissions <è¢«è®¸å¯äºº ID> [æ˜¾ç¤ºå…¨éƒ¨]    # æŸ¥çœ‹è¢«æˆæƒæƒé™åˆ—è¡¨
/permission gp <è¢«è®¸å¯äºº ID> [æ˜¾ç¤ºå…¨éƒ¨]    # æŸ¥çœ‹è¢«æˆæƒæƒé™åˆ—è¡¨[0m[m
[0m2022-07-17 18:40:58 V/Bot.185590562: [MatrixCN(809411919)] KOFTWAR //å¸Œæœ›å¼€ä¸€ä¸ªè‡ªå·±çš„ç«æŠ€åœº(3514640877) -> ï¼ˆæˆ‘çš„æ„æ€æ˜¯6.6.3æœ‰å…è´¹ç‰ˆï¼‰[0m[m
[0m2022-07-17 18:40:59 V/Bot.185590562: [MatrixCN(809411919)] LOLOLOL(779664169) -> [mirai:quote:[mirai:source:ids=[212274], internalIds=[1163008763], from 2697205105 to 809411919 at 1658054404], content=<not yet initialized>]è¿˜æ˜¯æœ‰ä¸€äº›æ²¡åé—¨çš„[mirai:at:2697205105][0m[m
[0m2022-07-17 18:41:06 V/Bot.185590562: [MatrixCN(809411919)] LOLOLOL(779664169) -> ä½†æ˜¯å°‘[0m[m
[0m2022-07-17 18:42:21 V/Bot.185590562: okay(3262392248) -> /help[0m[m
[0m2022-07-17 18:42:28 V/Bot.185590562: [MatrixCN(809411919)] Kawa1Ares(2697205105) -> [mirai:image:{91941564-83A1-143A-DFAA-802ED69B1C86}.jpg, width=640, height=640, size=63137, type=JPG, isEmoji=true][0m[m
[0m2022-07-17 18:42:42 V/Bot.185590562: okay(3262392248) -> /help[0m[m
[0m2022-07-17 18:42:51 V/Bot.185590562: [èŠ±ç’ƒçš„å…ƒç´ åå®«(821891323)] å‘ç°è¿™ç‰‡åœŸåœ°äº†è§£è‡ªèº«ä¼˜åŠ¿ç„¶åé‡ä¼¤å€’åœ°(726700684) -> [mirai:image:{1B171382-71C2-417E-BBA6-7106D0CEC7DC}.jpg, width=1080, height=1298, size=173333, type=JPG, isEmoji=false][0m[m
[0m2022-07-17 18:42:52 V/Bot.185590562: [èŠ±ç’ƒçš„å…ƒç´ åå®«(821891323)] æ‚¨å·²è¢«è¸¢å‡ºç¾¤èŠ(2135378628) -> [mirai:image:{0E5C927B-A1E3-869C-6C8D-AE390A77369B}.gif, width=220, height=176, size=1239861, type=GIF, isEmoji=true][0m[m
[0m2022-07-17 18:42:54 V/Bot.185590562: [èŠ±ç’ƒçš„å…ƒç´ åå®«(821891323)] à»‰à»Œá®¨ä¹æ­Œ(2122369004) -> [mirai:image:{F08D1C53-AE1D-99D8-8E47-CF66AB69E747}.jpg, width=864, height=1920, size=162619, type=JPG, isEmoji=false][0m[m
[0m2022-07-17 18:43:05 V/Bot.185590562: okay(3262392248) -> /help[0m[m
[0m2022-07-17 18:43:12 V/Bot.185590562: [èŠ±ç’ƒçš„å…ƒç´ åå®«(821891323)] à»‰à»Œá®¨ä¹æ­Œ(2122369004) -> å’Œæˆ‘èˆ’æœæ³•å£çº¸ä¸€æ¨¡ä¸€æ ·[0m[m
[91m2022-07-17 18:43:23 W/console: Closing input service...[0m[m
