[92m2022-07-17 18:32:11 I/main: Starting mirai-console...[0m[m
[92m2022-07-17 18:32:11 I/main: Backend: version 2.12.0, built on 2022-07-03 10:57:58.[0m[m
[92m2022-07-17 18:32:11 I/main: Frontend Terminal: version 2.12.0, provided by Mamoe Technologies[0m[m
[92m2022-07-17 18:32:11 I/main: Welcome to visit https://mirai.mamoe.net/[0m[m
[91m2022-07-17 18:32:11 W/stderr: SLF4J: Failed to load class "org.slf4j.impl.StaticLoggerBinder".[0m[m
[91m2022-07-17 18:32:11 W/stderr: SLF4J: Defaulting to no-operation (NOP) logger implementation[0m[m
[91m2022-07-17 18:32:11 W/stderr: SLF4J: See http://www.slf4j.org/codes.html#StaticLoggerBinder for further details.[0m[m
[92m2022-07-17 18:32:12 I/plugin: Successfully loaded plugin QYKApi v0.1.0[0m[m
[92m2022-07-17 18:32:13 I/main: Prepared built-in commands: autoLogin, help, login, logout, permission, status, stop[0m[m
[92m2022-07-17 18:32:13 I/QYKApi: Plugin loaded![0m[m
[92m2022-07-17 18:32:13 I/main: 1 plugin(s) enabled.[0m[m
[92m2022-07-17 18:32:13 I/main: mirai-console started successfully.[0m[m
[92m2022-07-17 18:32:39 I/WindowHelperJvm: Mirai æ­£åœ¨ä½¿ç”¨æ¡Œé¢ç¯å¢ƒ. å¦‚é‡åˆ°éªŒè¯ç å°†ä¼šå¼¹å‡ºå¯¹è¯æ¡†. å¯æ·»åŠ  JVM å±æ€§ `mirai.no-desktop` ä»¥å…³é—­.[0m[m
[92m2022-07-17 18:32:39 I/WindowHelperJvm: Mirai is using desktop. Captcha will be thrown by window popup. You can add `mirai.no-desktop` to JVM properties (-Dmirai.no-desktop) to disable it.[0m[m
[91m2022-07-17 18:32:39 W/stderr: ERROR StatusLogger Log4j2 could not find a logging implementation. Please add log4j-core to the classpath. Using SimpleLogger to log to the console...[0m[m
[92m2022-07-17 18:32:42 I/Bot.185590562: Login successful[0m[m
[92m2022-07-17 18:32:42 I/Bot.185590562: Saved account secrets to local cache for fast login.[0m[m
[92m2022-07-17 18:32:43 I/Bot.185590562: Login successful.[0m[m
[0m2022-07-17 18:32:45 V/Bot.185590562: Event: BotOnlineEvent(bot=Bot(185590562))[0m[m
[92m2022-07-17 18:32:45 I/Bot.185590562: Bot login successful.[0m[m
[0m2022-07-17 18:32:58 V/Bot.185590562: [èŠ±ç’ƒçš„å…ƒç´ åå®«(821891323)] à»‰à»Œá®¨ä¹æ­Œ(2122369004) -> l[0m[m
[0m2022-07-17 18:32:58 V/Bot.185590562: okay(3262392248) -> talk ceshi[0m[m
[0m2022-07-17 18:32:58 V/Bot.185590562: [èŠ±ç’ƒçš„å…ƒç´ åå®«(821891323)] à»‰à»Œá®¨ä¹æ­Œ(2122369004) -> [mirai:image:{B70C53FC-741E-B89C-A0E4-AF9D3A728075}.jpg, width=1080, height=2400, size=1621693, type=JPG, isEmoji=false][0m[m
[0m2022-07-17 18:33:02 V/Bot.185590562: Event: GroupRecall(bot=Bot(185590562), authorId=2122369004, messageIds=[670379], messageInternalIds=[598062908], messageTime=1658053978, operator=NormalMember(2122369004), group=Group(821891323), author=NormalMember(2122369004))[0m[m
[0m2022-07-17 18:33:07 V/Bot.185590562: [èŠ±ç’ƒçš„å…ƒç´ åå®«(821891323)] à»‰à»Œá®¨ä¹æ­Œ(2122369004) -> ï¼Ÿ[0m[m
[0m2022-07-17 18:33:09 V/Bot.185590562: okay(3262392248) -> /talk æµ‹è¯•[0m[m
[0m2022-07-17 18:33:25 V/Bot.185590562: okay(3262392248) -> help[0m[m
[0m2022-07-17 18:33:31 V/Bot.185590562: okay(3262392248) -> /help[0m[m
[91m2022-07-17 18:33:43 W/console: æœªçŸ¥æŒ‡ä»¤: /talk ceshi, è¾“å…¥ ? è·å–å¸®åŠ©[0m[m
[91m2022-07-17 18:34:08 W/console: Closing input service...[0m[m
